<?xml version="1.0" encoding="UTF-8"?>
<!-- Generated by org.testng.reporters.JUnitReportReporter -->
<testsuite hostname="DESKTOP-RPD9OM4" failures="0" tests="1" name="tests.ProductTests" time="3.020" errors="0" timestamp="07 Sept 2025 13:24:55 GMT" skipped="0">
  <testcase classname="tests.ProductTests" name="testSearchAndAddProduct" time="3.020"/>
</testsuite> <!-- tests.ProductTests -->
