<?xml version="1.0" encoding="UTF-8"?>
<!-- Generated by org.testng.reporters.JUnitReportReporter -->
<testsuite hostname="DESKTOP-RPD9OM4" failures="0" tests="2" name="tests.LoginTests" time="6.500" errors="0" timestamp="2025-09-08T01:18:13 IST" skipped="0">
  <testcase classname="tests.LoginTests" name="testInvalidLogin" time="2.560"/>
  <testcase classname="tests.LoginTests" name="testValidLogin" time="3.940"/>
</testsuite> <!-- tests.LoginTests -->
