<?xml version="1.0" encoding="UTF-8"?>
<!-- Generated by org.testng.reporters.JUnitReportReporter -->
<testsuite hostname="DESKTOP-RPD9OM4" failures="0" tests="1" name="tests.CheckoutTests" time="20.592" errors="0" timestamp="07 Sept 2025 13:24:55 GMT" skipped="0">
  <testcase classname="tests.CheckoutTests" name="testCheckoutFlow" time="20.592"/>
</testsuite> <!-- tests.CheckoutTests -->
