<?xml version="1.0" encoding="UTF-8"?>
<!-- Generated by org.testng.reporters.JUnitReportReporter -->
<testsuite hostname="DESKTOP-RPD9OM4" failures="0" tests="1" name="tests.CheckoutTests" time="17.053" errors="0" timestamp="2025-09-08T01:18:13 IST" skipped="0">
  <testcase classname="tests.CheckoutTests" name="testCheckoutFlow" time="17.053"/>
</testsuite> <!-- tests.CheckoutTests -->
