<?xml version="1.0" encoding="UTF-8"?>
<!-- Generated by org.testng.reporters.JUnitReportReporter -->
<testsuite hostname="DESKTOP-RPD9OM4" failures="0" tests="1" name="tests.OrderTests" time="19.609" errors="0" timestamp="07 Sept 2025 13:24:55 GMT" skipped="0">
  <testcase classname="tests.OrderTests" name="testOrderPlacedSuccessfully" time="19.609"/>
</testsuite> <!-- tests.OrderTests -->
