<?xml version="1.0" encoding="UTF-8"?>
<!-- Generated by org.testng.reporters.JUnitReportReporter -->
<testsuite hostname="DESKTOP-RPD9OM4" failures="0" tests="1" name="tests.CartTests" time="7.301" errors="0" timestamp="2025-09-07T21:08:56 IST" skipped="0">
  <testcase classname="tests.CartTests" name="testCartFlow" time="7.301"/>
</testsuite> <!-- tests.CartTests -->
