<?xml version="1.0" encoding="UTF-8"?>
<!-- Generated by org.testng.reporters.JUnitReportReporter -->
<testsuite hostname="DESKTOP-RPD9OM4" failures="0" tests="2" name="tests.LoginTests" time="5.218" errors="0" timestamp="07 Sept 2025 13:24:55 GMT" skipped="0">
  <testcase classname="tests.LoginTests" name="testInvalidLogin" time="2.766"/>
  <testcase classname="tests.LoginTests" name="testValidLogin" time="2.452"/>
</testsuite> <!-- tests.LoginTests -->
