<?xml version="1.0" encoding="UTF-8"?>
<!-- Generated by org.testng.reporters.JUnitReportReporter -->
<testsuite hostname="DESKTOP-RPD9OM4" failures="0" tests="2" name="tests.ApiTests" time="43.851" errors="0" timestamp="07 Sept 2025 13:24:55 GMT" skipped="0">
  <testcase classname="tests.ApiTests" name="testGetRequest" time="21.652"/>
  <testcase classname="tests.ApiTests" name="testPostRequest" time="22.199"/>
</testsuite> <!-- tests.ApiTests -->
