<?xml version="1.0" encoding="UTF-8"?>
<!-- Generated by org.testng.reporters.JUnitReportReporter -->
<testsuite hostname="DESKTOP-RPD9OM4" failures="0" tests="1" name="tests.RegisterTests" time="5.578" errors="0" timestamp="2025-09-08T01:18:13 IST" skipped="0">
  <testcase classname="tests.RegisterTests" name="testUserRegistration" time="5.578"/>
</testsuite> <!-- tests.RegisterTests -->
