<?xml version="1.0" encoding="UTF-8"?>
<!-- Generated by org.testng.reporters.JUnitReportReporter -->
<testsuite hostname="DESKTOP-RPD9OM4" failures="0" tests="1" name="tests.ProductTests" time="2.815" errors="0" timestamp="2025-09-07T21:08:56 IST" skipped="0">
  <testcase classname="tests.ProductTests" name="testSearchAndAddProduct" time="2.815"/>
</testsuite> <!-- tests.ProductTests -->
