<?xml version="1.0" encoding="UTF-8"?>
<!-- Generated by org.testng.reporters.JUnitReportReporter -->
<testsuite hostname="DESKTOP-RPD9OM4" failures="0" tests="1" name="tests.PaymentTests" time="14.556" errors="0" timestamp="2025-09-08T01:18:13 IST" skipped="0">
  <testcase classname="tests.PaymentTests" name="testPaymentProcess" time="14.556"/>
</testsuite> <!-- tests.PaymentTests -->
